#
# There is insufficient memory for the Java Runtime Environment to continue.
# Native memory allocation (malloc) failed to allocate 73400320 bytes for committing reserved memory.
# Possible reasons:
#   The system is out of physical RAM or swap space
#   In 32 bit mode, the process size limit was hit
# Possible solutions:
#   Reduce memory load on the system
#   Increase physical memory or swap space
#   Check if swap backing store is full
#   Use 64 bit Java on a 64 bit OS
#   Decrease Java heap size (-Xmx/-Xms)
#   Decrease number of Java threads
#   Decrease Java thread stack sizes (-Xss)
#   Set larger code cache with -XX:ReservedCodeCacheSize=
# This output file may be truncated or incomplete.
#
#  Out of Memory Error (os_linux.cpp:2827), pid=5262, tid=140717642229504
#
# JRE version: OpenJDK Runtime Environment (7.0_101) (build 1.7.0_101-b00)
# Java VM: OpenJDK 64-Bit Server VM (24.95-b01 mixed mode linux-amd64 compressed oops)
# Derivative: IcedTea 2.6.6
# Distribution: Ubuntu 15.10, package 7u101-2.6.6-0ubuntu0.15.10.1
# Failed to write core dump. Core dumps have been disabled. To enable core dumping, try "ulimit -c unlimited" before starting Java again
#

---------------  T H R E A D  ---------------

Current thread (0x00007ffb6c076000):  VMThread [stack: 0x00007ffb61042000,0x00007ffb61143000] [id=5272]

Stack: [0x00007ffb61042000,0x00007ffb61143000],  sp=0x00007ffb611414f0,  free space=1021k
Native frames: (J=compiled Java code, j=interpreted, Vv=VM code, C=native code)
V  [libjvm.so+0x996303]
V  [libjvm.so+0x48b94f]
V  [libjvm.so+0x802a2b]
V  [libjvm.so+0x7fce1e]
V  [libjvm.so+0x872f2b]
V  [libjvm.so+0x874873]
V  [libjvm.so+0x870af8]
V  [libjvm.so+0x870ddc]
V  [libjvm.so+0x8263e3]
V  [libjvm.so+0x997da2]
V  [libjvm.so+0x99cae7]
V  [libjvm.so+0x99a378]
V  [libjvm.so+0x99b6ef]
V  [libjvm.so+0x99bbe1]
V  [libjvm.so+0x7ff952]

VM_Operation (0x00007ffb5a747fc0): ParallelGCFailedAllocation, mode: safepoint, requested by thread 0x00007ffb6c190000


---------------  P R O C E S S  ---------------

Java Threads: ( => current thread )
  0x00007ffb6c191800 JavaThread "pool-2-thread-1" [_thread_blocked, id=5281, stack(0x00007ffb5a548000,0x00007ffb5a649000)]
  0x00007ffb6c190000 JavaThread "pool-1-thread-1" [_thread_blocked, id=5280, stack(0x00007ffb5a649000,0x00007ffb5a74a000)]
  0x00007ffb6c0b1000 JavaThread "Service Thread" daemon [_thread_blocked, id=5278, stack(0x00007ffb6035a000,0x00007ffb6045b000)]
  0x00007ffb6c0ae800 JavaThread "C2 CompilerThread1" daemon [_thread_blocked, id=5277, stack(0x00007ffb6045b000,0x00007ffb6055c000)]
  0x00007ffb6c0ab800 JavaThread "C2 CompilerThread0" daemon [_thread_blocked, id=5276, stack(0x00007ffb6055c000,0x00007ffb6065d000)]
  0x00007ffb6c0a9800 JavaThread "Signal Dispatcher" daemon [_thread_blocked, id=5275, stack(0x00007ffb6065d000,0x00007ffb6075e000)]
  0x00007ffb6c07c800 JavaThread "Finalizer" daemon [_thread_blocked, id=5274, stack(0x00007ffb60e40000,0x00007ffb60f41000)]
  0x00007ffb6c07a800 JavaThread "Reference Handler" daemon [_thread_blocked, id=5273, stack(0x00007ffb60f41000,0x00007ffb61042000)]
  0x00007ffb6c00a800 JavaThread "main" [_thread_blocked, id=5265, stack(0x00007ffb737fd000,0x00007ffb738fe000)]

Other Threads:
=>0x00007ffb6c076000 VMThread [stack: 0x00007ffb61042000,0x00007ffb61143000] [id=5272]
  0x00007ffb6c0bb800 WatcherThread [stack: 0x00007ffb60259000,0x00007ffb6035a000] [id=5279]

VM state:at safepoint (normal execution)

VM Mutex/Monitor currently owned by a thread:  ([mutex/lock_event])
[0x00007ffb6c006aa0] Threads_lock - owner thread: 0x00007ffb6c076000
[0x00007ffb6c006fa0] Heap_lock - owner thread: 0x00007ffb6c190000

Heap
 PSYoungGen      total 72192K, used 9187K [0x00000000eaa80000, 0x00000000efa80000, 0x0000000100000000)
  eden space 62976K, 0% used [0x00000000eaa80000,0x00000000eaa80000,0x00000000ee800000)
  from space 9216K, 99% used [0x00000000ee800000,0x00000000ef0f8d58,0x00000000ef100000)
  to   space 8704K, 0% used [0x00000000ef100000,0x00000000ef100000,0x00000000ef980000)
 ParOldGen       total 41472K, used 21650K [0x00000000c0000000, 0x00000000c2880000, 0x00000000eaa80000)
  object space 41472K, 52% used [0x00000000c0000000,0x00000000c1524ac0,0x00000000c2880000)
 PSPermGen       total 21504K, used 6351K [0x00000000b5a00000, 0x00000000b6f00000, 0x00000000c0000000)
  object space 21504K, 29% used [0x00000000b5a00000,0x00000000b6033d80,0x00000000b6f00000)

Card table byte_map: [0x00007ffb7013b000,0x00007ffb7038f000] byte_map_base: 0x00007ffb6fb8e000

Polling page: 0x00007ffb73922000

Code Cache  [0x00007ffb69000000, 0x00007ffb69270000, 0x00007ffb6c000000)
 total_blobs=520 nmethods=289 adapters=184 free_code_cache=47848Kb largest_free_block=48927360

Compilation events (10 events):
Event: 22.503 Thread 0x00007ffb6c0ae800 nmethod 291 0x00007ffb6912b350 code [0x00007ffb6912b540, 0x00007ffb6912bfa8]
Event: 22.503 Thread 0x00007ffb6c0ae800  292             com.android.dx.ssa.Dominators::compress (229 bytes)
Event: 22.982 Thread 0x00007ffb6c0ae800 nmethod 292 0x00007ffb69127790 code [0x00007ffb69127a60, 0x00007ffb69128d30]
Event: 22.982 Thread 0x00007ffb6c0ae800  293             java.util.HashMap$Entry::<init> (26 bytes)
Event: 22.983 Thread 0x00007ffb6c0ae800 nmethod 293 0x00007ffb69109010 code [0x00007ffb69109140, 0x00007ffb691091b8]
Event: 22.984 Thread 0x00007ffb6c0ae800  294             java.util.HashMap::addEntry (69 bytes)
Event: 22.995 Thread 0x00007ffb6c0ae800 nmethod 294 0x00007ffb690a55d0 code [0x00007ffb690a57a0, 0x00007ffb690a5cb8]
Event: 22.995 Thread 0x00007ffb6c0ae800  295             java.util.HashMap::createEntry (39 bytes)
Event: 23.010 Thread 0x00007ffb6c0ae800 nmethod 295 0x00007ffb69108b10 code [0x00007ffb69108c60, 0x00007ffb69108e18]
Event: 23.010 Thread 0x00007ffb6c0ae800  296             com.android.dx.ssa.SsaMethod::forEachBlockDepthFirstDom (128 bytes)

GC Heap History (10 events):
Event: 5.751 GC heap after
Heap after GC invocations=2 (full 0):
 PSYoungGen      total 18432K, used 2547K [0x00000000eaa80000, 0x00000000ece80000, 0x0000000100000000)
  eden space 15872K, 0% used [0x00000000eaa80000,0x00000000eaa80000,0x00000000eba00000)
  from space 2560K, 99% used [0x00000000ebc80000,0x00000000ebefcd30,0x00000000ebf00000)
  to   space 2560K, 0% used [0x00000000eba00000,0x00000000eba00000,0x00000000ebc80000)
 ParOldGen       total 41472K, used 3338K [0x00000000c0000000, 0x00000000c2880000, 0x00000000eaa80000)
  object space 41472K, 8% used [0x00000000c0000000,0x00000000c03429c8,0x00000000c2880000)
 PSPermGen       total 21504K, used 6158K [0x00000000b5a00000, 0x00000000b6f00000, 0x00000000c0000000)
  object space 21504K, 28% used [0x00000000b5a00000,0x00000000b60039e0,0x00000000b6f00000)
}
Event: 7.504 GC heap before
{Heap before GC invocations=3 (full 0):
 PSYoungGen      total 18432K, used 18419K [0x00000000eaa80000, 0x00000000ece80000, 0x0000000100000000)
  eden space 15872K, 100% used [0x00000000eaa80000,0x00000000eba00000,0x00000000eba00000)
  from space 2560K, 99% used [0x00000000ebc80000,0x00000000ebefcd30,0x00000000ebf00000)
  to   space 2560K, 0% used [0x00000000eba00000,0x00000000eba00000,0x00000000ebc80000)
 ParOldGen       total 41472K, used 3338K [0x00000000c0000000, 0x00000000c2880000, 0x00000000eaa80000)
  object space 41472K, 8% used [0x00000000c0000000,0x00000000c03429c8,0x00000000c2880000)
 PSPermGen       total 21504K, used 6198K [0x00000000b5a00000, 0x00000000b6f00000, 0x00000000c0000000)
  object space 21504K, 28% used [0x00000000b5a00000,0x00000000b600dad0,0x00000000b6f00000)
Event: 7.539 GC heap after
Heap after GC invocations=3 (full 0):
 PSYoungGen      total 18432K, used 2547K [0x00000000eaa80000, 0x00000000ece80000, 0x0000000100000000)
  eden space 15872K, 0% used [0x00000000eaa80000,0x00000000eaa80000,0x00000000eba00000)
  from space 2560K, 99% used [0x00000000eba00000,0x00000000ebc7cd10,0x00000000ebc80000)
  to   space 2560K, 0% used [0x00000000ecc00000,0x00000000ecc00000,0x00000000ece80000)
 ParOldGen       total 41472K, used 5813K [0x00000000c0000000, 0x00000000c2880000, 0x00000000eaa80000)
  object space 41472K, 14% used [0x00000000c0000000,0x00000000c05ad450,0x00000000c2880000)
 PSPermGen       total 21504K, used 6198K [0x00000000b5a00000, 0x00000000b6f00000, 0x00000000c0000000)
  object space 21504K, 28% used [0x00000000b5a00000,0x00000000b600dad0,0x00000000b6f00000)
}
Event: 9.112 GC heap before
{Heap before GC invocations=4 (full 0):
 PSYoungGen      total 18432K, used 18419K [0x00000000eaa80000, 0x00000000ece80000, 0x0000000100000000)
  eden space 15872K, 100% used [0x00000000eaa80000,0x00000000eba00000,0x00000000eba00000)
  from space 2560K, 99% used [0x00000000eba00000,0x00000000ebc7cd10,0x00000000ebc80000)
  to   space 2560K, 0% used [0x00000000ecc00000,0x00000000ecc00000,0x00000000ece80000)
 ParOldGen       total 41472K, used 5813K [0x00000000c0000000, 0x00000000c2880000, 0x00000000eaa80000)
  object space 41472K, 14% used [0x00000000c0000000,0x00000000c05ad450,0x00000000c2880000)
 PSPermGen       total 21504K, used 6229K [0x00000000b5a00000, 0x00000000b6f00000, 0x00000000c0000000)
  object space 21504K, 28% used [0x00000000b5a00000,0x00000000b60154c8,0x00000000b6f00000)
Event: 9.233 GC heap after
Heap after GC invocations=4 (full 0):
 PSYoungGen      total 34304K, used 2531K [0x00000000eaa80000, 0x00000000ece80000, 0x0000000100000000)
  eden space 31744K, 0% used [0x00000000eaa80000,0x00000000eaa80000,0x00000000ec980000)
  from space 2560K, 98% used [0x00000000ecc00000,0x00000000ece78e40,0x00000000ece80000)
  to   space 2560K, 0% used [0x00000000ec980000,0x00000000ec980000,0x00000000ecc00000)
 ParOldGen       total 41472K, used 9146K [0x00000000c0000000, 0x00000000c2880000, 0x00000000eaa80000)
  object space 41472K, 22% used [0x00000000c0000000,0x00000000c08eea28,0x00000000c2880000)
 PSPermGen       total 21504K, used 6229K [0x00000000b5a00000, 0x00000000b6f00000, 0x00000000c0000000)
  object space 21504K, 28% used [0x00000000b5a00000,0x00000000b60154c8,0x00000000b6f00000)
}
Event: 12.534 GC heap before
{Heap before GC invocations=5 (full 0):
 PSYoungGen      total 34304K, used 34275K [0x00000000eaa80000, 0x00000000ece80000, 0x0000000100000000)
  eden space 31744K, 100% used [0x00000000eaa80000,0x00000000ec980000,0x00000000ec980000)
  from space 2560K, 98% used [0x00000000ecc00000,0x00000000ece78e40,0x00000000ece80000)
  to   space 2560K, 0% used [0x00000000ec980000,0x00000000ec980000,0x00000000ecc00000)
 ParOldGen       total 41472K, used 9146K [0x00000000c0000000, 0x00000000c2880000, 0x00000000eaa80000)
  object space 41472K, 22% used [0x00000000c0000000,0x00000000c08eea28,0x00000000c2880000)
 PSPermGen       total 21504K, used 6295K [0x00000000b5a00000, 0x00000000b6f00000, 0x00000000c0000000)
  object space 21504K, 29% used [0x00000000b5a00000,0x00000000b6025c78,0x00000000b6f00000)
Event: 12.667 GC heap after
Heap after GC invocations=5 (full 0):
 PSYoungGen      total 34304K, used 2531K [0x00000000eaa80000, 0x00000000ef980000, 0x0000000100000000)
  eden space 31744K, 0% used [0x00000000eaa80000,0x00000000eaa80000,0x00000000ec980000)
  from space 2560K, 98% used [0x00000000ec980000,0x00000000ecbf8c90,0x00000000ecc00000)
  to   space 8704K, 0% used [0x00000000ef100000,0x00000000ef100000,0x00000000ef980000)
 ParOldGen       total 41472K, used 15169K [0x00000000c0000000, 0x00000000c2880000, 0x00000000eaa80000)
  object space 41472K, 36% used [0x00000000c0000000,0x00000000c0ed0400,0x00000000c2880000)
 PSPermGen       total 21504K, used 6295K [0x00000000b5a00000, 0x00000000b6f00000, 0x00000000c0000000)
  object space 21504K, 29% used [0x00000000b5a00000,0x00000000b6025c78,0x00000000b6f00000)
}
Event: 15.030 GC heap before
{Heap before GC invocations=6 (full 0):
 PSYoungGen      total 34304K, used 34275K [0x00000000eaa80000, 0x00000000ef980000, 0x0000000100000000)
  eden space 31744K, 100% used [0x00000000eaa80000,0x00000000ec980000,0x00000000ec980000)
  from space 2560K, 98% used [0x00000000ec980000,0x00000000ecbf8c90,0x00000000ecc00000)
  to   space 8704K, 0% used [0x00000000ef100000,0x00000000ef100000,0x00000000ef980000)
 ParOldGen       total 41472K, used 15169K [0x00000000c0000000, 0x00000000c2880000, 0x00000000eaa80000)
  object space 41472K, 36% used [0x00000000c0000000,0x00000000c0ed0400,0x00000000c2880000)
 PSPermGen       total 21504K, used 6310K [0x00000000b5a00000, 0x00000000b6f00000, 0x00000000c0000000)
  object space 21504K, 29% used [0x00000000b5a00000,0x00000000b6029b08,0x00000000b6f00000)
Event: 15.141 GC heap after
Heap after GC invocations=6 (full 0):
 PSYoungGen      total 71680K, used 7553K [0x00000000eaa80000, 0x00000000efa80000, 0x0000000100000000)
  eden space 62976K, 0% used [0x00000000eaa80000,0x00000000eaa80000,0x00000000ee800000)
  from space 8704K, 86% used [0x00000000ef100000,0x00000000ef8607d8,0x00000000ef980000)
  to   space 9216K, 0% used [0x00000000ee800000,0x00000000ee800000,0x00000000ef100000)
 ParOldGen       total 41472K, used 15169K [0x00000000c0000000, 0x00000000c2880000, 0x00000000eaa80000)
  object space 41472K, 36% used [0x00000000c0000000,0x00000000c0ed0400,0x00000000c2880000)
 PSPermGen       total 21504K, used 6310K [0x00000000b5a00000, 0x00000000b6f00000, 0x00000000c0000000)
  object space 21504K, 29% used [0x00000000b5a00000,0x00000000b6029b08,0x00000000b6f00000)
}
Event: 23.340 GC heap before
{Heap before GC invocations=7 (full 0):
 PSYoungGen      total 71680K, used 70529K [0x00000000eaa80000, 0x00000000efa80000, 0x0000000100000000)
  eden space 62976K, 100% used [0x00000000eaa80000,0x00000000ee800000,0x00000000ee800000)
  from space 8704K, 86% used [0x00000000ef100000,0x00000000ef8607d8,0x00000000ef980000)
  to   space 9216K, 0% used [0x00000000ee800000,0x00000000ee800000,0x00000000ef100000)
 ParOldGen       total 41472K, used 15169K [0x00000000c0000000, 0x00000000c2880000, 0x00000000eaa80000)
  object space 41472K, 36% used [0x00000000c0000000,0x00000000c0ed0400,0x00000000c2880000)
 PSPermGen       total 21504K, used 6351K [0x00000000b5a00000, 0x00000000b6f00000, 0x00000000c0000000)
  object space 21504K, 29% used [0x00000000b5a00000,0x00000000b6033d80,0x00000000b6f00000)

Deoptimization events (10 events):
Event: 6.013 Thread 0x00007ffb6c199000 Uncommon trap: reason=class_check action=maybe_recompile pc=0x00007ffb6909f1a0 method=com.android.dx.rop.type.Type.equals(Ljava/lang/Object;)Z @ 8
Event: 6.014 Thread 0x00007ffb6c199000 Uncommon trap: reason=class_check action=maybe_recompile pc=0x00007ffb6909f1a0 method=com.android.dx.rop.type.Type.equals(Ljava/lang/Object;)Z @ 8
Event: 6.074 Thread 0x00007ffb6c198000 Uncommon trap: reason=class_check action=maybe_recompile pc=0x00007ffb6909f1a0 method=com.android.dx.rop.type.Type.equals(Ljava/lang/Object;)Z @ 8
Event: 8.122 Thread 0x00007ffb6c198000 Uncommon trap: reason=null_check action=make_not_entrant pc=0x00007ffb6908e3a0 method=com.android.dx.ssa.SsaRenamer.getLocalForNewReg(I)Lcom/android/dx/rop/code/LocalItem; @ 19
Event: 8.347 Thread 0x00007ffb6c00a800 Uncommon trap: reason=null_check action=make_not_entrant pc=0x00007ffb69096544 method=com.android.dx.ssa.SsaRenamer.getLocalForNewReg(I)Lcom/android/dx/rop/code/LocalItem; @ 19
Event: 10.371 Thread 0x00007ffb6c196000 Uncommon trap: reason=unstable_if action=reinterpret pc=0x00007ffb690a1874 method=com.android.dx.util.IntList.binarysearch(I)I @ 105
Event: 10.997 Thread 0x00007ffb6c196000 Uncommon trap: reason=class_check action=maybe_recompile pc=0x00007ffb690a200c method=com.android.dx.rop.type.Type.equals(Ljava/lang/Object;)Z @ 8
Event: 12.842 Thread 0x00007ffb6c00a800 Uncommon trap: reason=unstable_if action=reinterpret pc=0x00007ffb690b8a78 method=java.util.HashMap.put(Ljava/lang/Object;Ljava/lang/Object;)Ljava/lang/Object; @ 86
Event: 19.998 Thread 0x00007ffb6c196000 Uncommon trap: reason=unstable_if action=reinterpret pc=0x00007ffb69102dd8 method=com.android.dx.rop.code.LocalVariableInfo.mergeStarts(ILcom/android/dx/rop/code/RegisterSpecSet;)Z @ 31
Event: 20.294 Thread 0x00007ffb6c198000 Uncommon trap: reason=unstable_if action=reinterpret pc=0x00007ffb690d26b8 method=com.android.dx.ssa.LocalVariableExtractor.processBlock(I)V @ 251

Internal exceptions (10 events):
Event: 8.122 Thread 0x00007ffb6c198000 Implicit null exception at 0x00007ffb6908cf42 to 0x00007ffb6908e375
Event: 8.347 Thread 0x00007ffb6c00a800 Implicit null exception at 0x00007ffb690948ef to 0x00007ffb6909651d
Event: 9.677 Thread 0x00007ffb6c00a800 Threw 0x00000000eaf249a8 at /build/openjdk-7-hZgspp/openjdk-7-7u101-2.6.6/build/openjdk/hotspot/src/share/vm/prims/jvm.cpp:1322
Event: 9.678 Thread 0x00007ffb6c00a800 Threw 0x00000000eaf27910 at /build/openjdk-7-hZgspp/openjdk-7-7u101-2.6.6/build/openjdk/hotspot/src/share/vm/prims/jvm.cpp:1322
Event: 9.720 Thread 0x00007ffb6c00a800 Threw 0x00000000eaf3f3f0 at /build/openjdk-7-hZgspp/openjdk-7-7u101-2.6.6/build/openjdk/hotspot/src/share/vm/prims/jvm.cpp:1322
Event: 9.721 Thread 0x00007ffb6c00a800 Threw 0x00000000eaf42288 at /build/openjdk-7-hZgspp/openjdk-7-7u101-2.6.6/build/openjdk/hotspot/src/share/vm/prims/jvm.cpp:1322
Event: 9.818 Thread 0x00007ffb6c196000 Threw 0x00000000ead81d48 at /build/openjdk-7-hZgspp/openjdk-7-7u101-2.6.6/build/openjdk/hotspot/src/share/vm/prims/jvm.cpp:1322
Event: 9.819 Thread 0x00007ffb6c196000 Threw 0x00000000ead866f8 at /build/openjdk-7-hZgspp/openjdk-7-7u101-2.6.6/build/openjdk/hotspot/src/share/vm/prims/jvm.cpp:1322
Event: 9.844 Thread 0x00007ffb6c196000 Threw 0x00000000eb039d38 at /build/openjdk-7-hZgspp/openjdk-7-7u101-2.6.6/build/openjdk/hotspot/src/share/vm/prims/jvm.cpp:1322
Event: 12.885 Thread 0x00007ffb6c190000 Threw 0x00000000eadd1c98 at /build/openjdk-7-hZgspp/openjdk-7-7u101-2.6.6/build/openjdk/hotspot/src/share/vm/prims/jvm.cpp:1322

Events (10 events):
Event: 20.294 Thread 0x00007ffb6c198000 DEOPT PACKING pc=0x00007ffb690d26b8 sp=0x00007ffb5a4451d0
Event: 20.294 Thread 0x00007ffb6c198000 DEOPT UNPACKING pc=0x00007ffb69039445 sp=0x00007ffb5a4451a0 mode 2
Event: 20.711 loading class 0x00007ffb700892f0
Event: 20.817 loading class 0x00007ffb700892f0 done
Event: 20.817 loading class 0x00007ffb70089260
Event: 20.817 loading class 0x00007ffb70089260 done
Event: 21.405 Thread 0x00007ffb6c199000 Thread exited: 0x00007ffb6c199000
Event: 21.423 Thread 0x00007ffb6c196000 Thread exited: 0x00007ffb6c196000
Event: 22.362 Thread 0x00007ffb6c198000 Thread exited: 0x00007ffb6c198000
Event: 23.087 Executing VM operation: ParallelGCFailedAllocation


Dynamic libraries:
00400000-00401000 r-xp 00000000 08:03 6428810                            /usr/lib/jvm/java-7-openjdk-amd64/jre/bin/java
00600000-00601000 r--p 00000000 08:03 6428810                            /usr/lib/jvm/java-7-openjdk-amd64/jre/bin/java
00601000-00602000 rw-p 00001000 08:03 6428810                            /usr/lib/jvm/java-7-openjdk-amd64/jre/bin/java
01cb9000-01cda000 rw-p 00000000 00:00 0                                  [heap]
b5a00000-b6f00000 rw-p 00000000 00:00 0 
b6f00000-c0000000 rw-p 00000000 00:00 0 
c0000000-c2880000 rw-p 00000000 00:00 0 
c2880000-eaa80000 rw-p 00000000 00:00 0 
eaa80000-efa80000 rw-p 00000000 00:00 0 
f4080000-100000000 rw-p 00000000 00:00 0 
7ffb1c000000-7ffb1c024000 rw-p 00000000 00:00 0 
7ffb1c024000-7ffb20000000 ---p 00000000 00:00 0 
7ffb20000000-7ffb20021000 rw-p 00000000 00:00 0 
7ffb20021000-7ffb24000000 ---p 00000000 00:00 0 
7ffb24000000-7ffb24021000 rw-p 00000000 00:00 0 
7ffb24021000-7ffb28000000 ---p 00000000 00:00 0 
7ffb28000000-7ffb2802a000 rw-p 00000000 00:00 0 
7ffb2802a000-7ffb2c000000 ---p 00000000 00:00 0 
7ffb2c000000-7ffb2c021000 rw-p 00000000 00:00 0 
7ffb2c021000-7ffb30000000 ---p 00000000 00:00 0 
7ffb30000000-7ffb30037000 rw-p 00000000 00:00 0 
7ffb30037000-7ffb34000000 ---p 00000000 00:00 0 
7ffb34000000-7ffb356b4000 rw-p 00000000 00:00 0 
7ffb356b4000-7ffb38000000 ---p 00000000 00:00 0 
7ffb38000000-7ffb38021000 rw-p 00000000 00:00 0 
7ffb38021000-7ffb3c000000 ---p 00000000 00:00 0 
7ffb3c000000-7ffb3c021000 rw-p 00000000 00:00 0 
7ffb3c021000-7ffb40000000 ---p 00000000 00:00 0 
7ffb40000000-7ffb41b15000 rw-p 00000000 00:00 0 
7ffb41b15000-7ffb44000000 ---p 00000000 00:00 0 
7ffb44000000-7ffb44021000 rw-p 00000000 00:00 0 
7ffb44021000-7ffb48000000 ---p 00000000 00:00 0 
7ffb48000000-7ffb48021000 rw-p 00000000 00:00 0 
7ffb48021000-7ffb4c000000 ---p 00000000 00:00 0 
7ffb4c000000-7ffb4c021000 rw-p 00000000 00:00 0 
7ffb4c021000-7ffb50000000 ---p 00000000 00:00 0 
7ffb50000000-7ffb50021000 rw-p 00000000 00:00 0 
7ffb50021000-7ffb54000000 ---p 00000000 00:00 0 
7ffb54000000-7ffb54021000 rw-p 00000000 00:00 0 
7ffb54021000-7ffb58000000 ---p 00000000 00:00 0 
7ffb5a245000-7ffb5a248000 ---p 00000000 00:00 0 
7ffb5a248000-7ffb5a346000 rw-p 00000000 00:00 0 
7ffb5a346000-7ffb5a349000 ---p 00000000 00:00 0 
7ffb5a349000-7ffb5a447000 rw-p 00000000 00:00 0 
7ffb5a447000-7ffb5a44a000 ---p 00000000 00:00 0 
7ffb5a44a000-7ffb5a548000 rw-p 00000000 00:00 0 
7ffb5a548000-7ffb5a54b000 ---p 00000000 00:00 0 
7ffb5a54b000-7ffb5a649000 rw-p 00000000 00:00 0 
7ffb5a649000-7ffb5a64c000 ---p 00000000 00:00 0 
7ffb5a64c000-7ffb5aa4b000 rw-p 00000000 00:00 0 
7ffb5aa4b000-7ffb5aab7000 r-xp 00000000 08:03 5374046                    /lib/x86_64-linux-gnu/libpcre.so.3.13.1
7ffb5aab7000-7ffb5acb7000 ---p 0006c000 08:03 5374046                    /lib/x86_64-linux-gnu/libpcre.so.3.13.1
7ffb5acb7000-7ffb5acb8000 r--p 0006c000 08:03 5374046                    /lib/x86_64-linux-gnu/libpcre.so.3.13.1
7ffb5acb8000-7ffb5acb9000 rw-p 0006d000 08:03 5374046                    /lib/x86_64-linux-gnu/libpcre.so.3.13.1
7ffb5acb9000-7ffb5acc0000 r-xp 00000000 08:03 6169831                    /usr/lib/x86_64-linux-gnu/libffi.so.6.0.4
7ffb5acc0000-7ffb5aebf000 ---p 00007000 08:03 6169831                    /usr/lib/x86_64-linux-gnu/libffi.so.6.0.4
7ffb5aebf000-7ffb5aec0000 r--p 00006000 08:03 6169831                    /usr/lib/x86_64-linux-gnu/libffi.so.6.0.4
7ffb5aec0000-7ffb5aec1000 rw-p 00007000 08:03 6169831                    /usr/lib/x86_64-linux-gnu/libffi.so.6.0.4
7ffb5aec1000-7ffb5aed8000 r-xp 00000000 08:03 5385371                    /lib/x86_64-linux-gnu/libresolv-2.21.so
7ffb5aed8000-7ffb5b0d8000 ---p 00017000 08:03 5385371                    /lib/x86_64-linux-gnu/libresolv-2.21.so
7ffb5b0d8000-7ffb5b0d9000 r--p 00017000 08:03 5385371                    /lib/x86_64-linux-gnu/libresolv-2.21.so
7ffb5b0d9000-7ffb5b0da000 rw-p 00018000 08:03 5385371                    /lib/x86_64-linux-gnu/libresolv-2.21.so
7ffb5b0da000-7ffb5b0dc000 rw-p 00000000 00:00 0 
7ffb5b0dc000-7ffb5b0fd000 r-xp 00000000 08:03 5378701                    /lib/x86_64-linux-gnu/libselinux.so.1
7ffb5b0fd000-7ffb5b2fc000 ---p 00021000 08:03 5378701                    /lib/x86_64-linux-gnu/libselinux.so.1
7ffb5b2fc000-7ffb5b2fd000 r--p 00020000 08:03 5378701                    /lib/x86_64-linux-gnu/libselinux.so.1
7ffb5b2fd000-7ffb5b2fe000 rw-p 00021000 08:03 5378701                    /lib/x86_64-linux-gnu/libselinux.so.1
7ffb5b2fe000-7ffb5b300000 rw-p 00000000 00:00 0 
7ffb5b300000-7ffb5b303000 r-xp 00000000 08:03 6162996                    /usr/lib/x86_64-linux-gnu/libgmodule-2.0.so.0.4600.2
7ffb5b303000-7ffb5b502000 ---p 00003000 08:03 6162996                    /usr/lib/x86_64-linux-gnu/libgmodule-2.0.so.0.4600.2
7ffb5b502000-7ffb5b503000 r--p 00002000 08:03 6162996                    /usr/lib/x86_64-linux-gnu/libgmodule-2.0.so.0.4600.2
7ffb5b503000-7ffb5b504000 rw-p 00003000 08:03 6162996                    /usr/lib/x86_64-linux-gnu/libgmodule-2.0.so.0.4600.2
7ffb5b504000-7ffb5b611000 r-xp 00000000 08:03 5375186                    /lib/x86_64-linux-gnu/libglib-2.0.so.0.4600.2
7ffb5b611000-7ffb5b810000 ---p 0010d000 08:03 5375186                    /lib/x86_64-linux-gnu/libglib-2.0.so.0.4600.2
7ffb5b810000-7ffb5b811000 r--p 0010c000 08:03 5375186                    /lib/x86_64-linux-gnu/libglib-2.0.so.0.4600.2
7ffb5b811000-7ffb5b812000 rw-p 0010d000 08:03 5375186                    /lib/x86_64-linux-gnu/libglib-2.0.so.0.4600.2
7ffb5b812000-7ffb5b813000 rw-p 00000000 00:00 0 
7ffb5b813000-7ffb5b865000 r-xp 00000000 08:03 6162995                    /usr/lib/x86_64-linux-gnu/libgobject-2.0.so.0.4600.2
7ffb5b865000-7ffb5ba64000 ---p 00052000 08:03 6162995                    /usr/lib/x86_64-linux-gnu/libgobject-2.0.so.0.4600.2
7ffb5ba64000-7ffb5ba65000 r--p 00051000 08:03 6162995                    /usr/lib/x86_64-linux-gnu/libgobject-2.0.so.0.4600.2
7ffb5ba65000-7ffb5ba66000 rw-p 00052000 08:03 6162995                    /usr/lib/x86_64-linux-gnu/libgobject-2.0.so.0.4600.2
7ffb5ba66000-7ffb5bbe0000 r-xp 00000000 08:03 6162993                    /usr/lib/x86_64-linux-gnu/libgio-2.0.so.0.4600.2
7ffb5bbe0000-7ffb5bddf000 ---p 0017a000 08:03 6162993                    /usr/lib/x86_64-linux-gnu/libgio-2.0.so.0.4600.2
7ffb5bddf000-7ffb5bde3000 r--p 00179000 08:03 6162993                    /usr/lib/x86_64-linux-gnu/libgio-2.0.so.0.4600.2
7ffb5bde3000-7ffb5bde5000 rw-p 0017d000 08:03 6162993                    /usr/lib/x86_64-linux-gnu/libgio-2.0.so.0.4600.2
7ffb5bde5000-7ffb5bde7000 rw-p 00000000 00:00 0 
7ffb5bde7000-7ffb5bdfe000 r-xp 00000000 08:03 6429177                    /usr/lib/jvm/java-7-openjdk-amd64/jre/lib/amd64/libnet.so
7ffb5bdfe000-7ffb5bffe000 ---p 00017000 08:03 6429177                    /usr/lib/jvm/java-7-openjdk-amd64/jre/lib/amd64/libnet.so
7ffb5bffe000-7ffb5bfff000 r--p 00017000 08:03 6429177                    /usr/lib/jvm/java-7-openjdk-amd64/jre/lib/amd64/libnet.so
7ffb5bfff000-7ffb5c000000 rw-p 00018000 08:03 6429177                    /usr/lib/jvm/java-7-openjdk-amd64/jre/lib/amd64/libnet.so
7ffb5c000000-7ffb5c021000 rw-p 00000000 00:00 0 
7ffb5c021000-7ffb60000000 ---p 00000000 00:00 0 
7ffb60047000-7ffb60058000 r-xp 00000000 08:03 6429198                    /usr/lib/jvm/java-7-openjdk-amd64/jre/lib/amd64/libnio.so
7ffb60058000-7ffb60257000 ---p 00011000 08:03 6429198                    /usr/lib/jvm/java-7-openjdk-amd64/jre/lib/amd64/libnio.so
7ffb60257000-7ffb60258000 r--p 00010000 08:03 6429198                    /usr/lib/jvm/java-7-openjdk-amd64/jre/lib/amd64/libnio.so
7ffb60258000-7ffb60259000 rw-p 00011000 08:03 6429198                    /usr/lib/jvm/java-7-openjdk-amd64/jre/lib/amd64/libnio.so
7ffb60259000-7ffb6025a000 ---p 00000000 00:00 0 
7ffb6025a000-7ffb6035a000 rw-p 00000000 00:00 0 
7ffb6035a000-7ffb6035d000 ---p 00000000 00:00 0 
7ffb6035d000-7ffb6045b000 rw-p 00000000 00:00 0 
7ffb6045b000-7ffb6045e000 ---p 00000000 00:00 0 
7ffb6045e000-7ffb6055c000 rw-p 00000000 00:00 0 
7ffb6055c000-7ffb6055f000 ---p 00000000 00:00 0 
7ffb6055f000-7ffb6065d000 rw-p 00000000 00:00 0 
7ffb6065d000-7ffb60660000 ---p 00000000 00:00 0 
7ffb60660000-7ffb6075e000 rw-p 00000000 00:00 0 
7ffb6075e000-7ffb60e40000 r--p 00000000 08:03 6168273                    /usr/lib/locale/locale-archive
7ffb60e40000-7ffb60e43000 ---p 00000000 00:00 0 
7ffb60e43000-7ffb60f41000 rw-p 00000000 00:00 0 
7ffb60f41000-7ffb60f44000 ---p 00000000 00:00 0 
7ffb60f44000-7ffb61042000 rw-p 00000000 00:00 0 
7ffb61042000-7ffb61043000 ---p 00000000 00:00 0 
7ffb61043000-7ffb64000000 rw-p 00000000 00:00 0 
7ffb64000000-7ffb64021000 rw-p 00000000 00:00 0 
7ffb64021000-7ffb68000000 ---p 00000000 00:00 0 
7ffb68004000-7ffb6862b000 rw-p 00000000 00:00 0 
7ffb6862b000-7ffb687dd000 r--s 01d32000 08:03 6429211                    /usr/lib/jvm/java-7-openjdk-amd64/jre/lib/rt.jar
7ffb687dd000-7ffb68aa6000 rw-p 00000000 00:00 0 
7ffb68aa6000-7ffb68aa7000 ---p 00000000 00:00 0 
7ffb68aa7000-7ffb68ba7000 rw-p 00000000 00:00 0 
7ffb68ba7000-7ffb68ba8000 ---p 00000000 00:00 0 
7ffb68ba8000-7ffb68ca8000 rw-p 00000000 00:00 0 
7ffb68ca8000-7ffb68ca9000 ---p 00000000 00:00 0 
7ffb68ca9000-7ffb68da9000 rw-p 00000000 00:00 0 
7ffb68da9000-7ffb68daa000 ---p 00000000 00:00 0 
7ffb68daa000-7ffb68ebf000 rw-p 00000000 00:00 0 
7ffb68ebf000-7ffb69000000 rw-p 00000000 00:00 0 
7ffb69000000-7ffb69270000 rwxp 00000000 00:00 0 
7ffb69270000-7ffb6c1b9000 rw-p 00000000 00:00 0 
7ffb6c1b9000-7ffb70000000 ---p 00000000 00:00 0 
7ffb70004000-7ffb700f3000 rw-p 00000000 00:00 0 
7ffb700f3000-7ffb7013b000 rw-p 00000000 00:00 0 
7ffb7013b000-7ffb70146000 rw-p 00000000 00:00 0 
7ffb70146000-7ffb7018e000 rw-p 00000000 00:00 0 
7ffb7018e000-7ffb701a3000 rw-p 00000000 00:00 0 
7ffb701a3000-7ffb702e3000 rw-p 00000000 00:00 0 
7ffb702e3000-7ffb7030c000 rw-p 00000000 00:00 0 
7ffb7030c000-7ffb7038e000 rw-p 00000000 00:00 0 
7ffb7038e000-7ffb7038f000 rw-p 00000000 00:00 0 
7ffb7038f000-7ffb70397000 r-xp 00000000 08:03 6429182                    /usr/lib/jvm/java-7-openjdk-amd64/jre/lib/amd64/libzip.so
7ffb70397000-7ffb70596000 ---p 00008000 08:03 6429182                    /usr/lib/jvm/java-7-openjdk-amd64/jre/lib/amd64/libzip.so
7ffb70596000-7ffb70597000 r--p 00007000 08:03 6429182                    /usr/lib/jvm/java-7-openjdk-amd64/jre/lib/amd64/libzip.so
7ffb70597000-7ffb70598000 rw-p 00008000 08:03 6429182                    /usr/lib/jvm/java-7-openjdk-amd64/jre/lib/amd64/libzip.so
7ffb70598000-7ffb705a2000 r-xp 00000000 08:03 5385350                    /lib/x86_64-linux-gnu/libnss_files-2.21.so
7ffb705a2000-7ffb707a2000 ---p 0000a000 08:03 5385350                    /lib/x86_64-linux-gnu/libnss_files-2.21.so
7ffb707a2000-7ffb707a3000 r--p 0000a000 08:03 5385350                    /lib/x86_64-linux-gnu/libnss_files-2.21.so
7ffb707a3000-7ffb707a4000 rw-p 0000b000 08:03 5385350                    /lib/x86_64-linux-gnu/libnss_files-2.21.so
7ffb707a4000-7ffb707af000 r-xp 00000000 08:03 5385373                    /lib/x86_64-linux-gnu/libnss_nis-2.21.so
7ffb707af000-7ffb709ae000 ---p 0000b000 08:03 5385373                    /lib/x86_64-linux-gnu/libnss_nis-2.21.so
7ffb709ae000-7ffb709af000 r--p 0000a000 08:03 5385373                    /lib/x86_64-linux-gnu/libnss_nis-2.21.so
7ffb709af000-7ffb709b0000 rw-p 0000b000 08:03 5385373                    /lib/x86_64-linux-gnu/libnss_nis-2.21.so
7ffb709b0000-7ffb709c7000 r-xp 00000000 08:03 5385376                    /lib/x86_64-linux-gnu/libnsl-2.21.so
7ffb709c7000-7ffb70bc6000 ---p 00017000 08:03 5385376                    /lib/x86_64-linux-gnu/libnsl-2.21.so
7ffb70bc6000-7ffb70bc7000 r--p 00016000 08:03 5385376                    /lib/x86_64-linux-gnu/libnsl-2.21.so
7ffb70bc7000-7ffb70bc8000 rw-p 00017000 08:03 5385376                    /lib/x86_64-linux-gnu/libnsl-2.21.so
7ffb70bc8000-7ffb70bca000 rw-p 00000000 00:00 0 
7ffb70bca000-7ffb70bd2000 r-xp 00000000 08:03 5385361                    /lib/x86_64-linux-gnu/libnss_compat-2.21.so
7ffb70bd2000-7ffb70dd1000 ---p 00008000 08:03 5385361                    /lib/x86_64-linux-gnu/libnss_compat-2.21.so
7ffb70dd1000-7ffb70dd2000 r--p 00007000 08:03 5385361                    /lib/x86_64-linux-gnu/libnss_compat-2.21.so
7ffb70dd2000-7ffb70dd3000 rw-p 00008000 08:03 5385361                    /lib/x86_64-linux-gnu/libnss_compat-2.21.so
7ffb70dd3000-7ffb70dff000 r-xp 00000000 08:03 6429168                    /usr/lib/jvm/java-7-openjdk-amd64/jre/lib/amd64/libjava.so
7ffb70dff000-7ffb70ffe000 ---p 0002c000 08:03 6429168                    /usr/lib/jvm/java-7-openjdk-amd64/jre/lib/amd64/libjava.so
7ffb70ffe000-7ffb70fff000 r--p 0002b000 08:03 6429168                    /usr/lib/jvm/java-7-openjdk-amd64/jre/lib/amd64/libjava.so
7ffb70fff000-7ffb71001000 rw-p 0002c000 08:03 6429168                    /usr/lib/jvm/java-7-openjdk-amd64/jre/lib/amd64/libjava.so
7ffb71001000-7ffb71010000 r-xp 00000000 08:03 6429169                    /usr/lib/jvm/java-7-openjdk-amd64/jre/lib/amd64/libverify.so
7ffb71010000-7ffb7120f000 ---p 0000f000 08:03 6429169                    /usr/lib/jvm/java-7-openjdk-amd64/jre/lib/amd64/libverify.so
7ffb7120f000-7ffb71211000 r--p 0000e000 08:03 6429169                    /usr/lib/jvm/java-7-openjdk-amd64/jre/lib/amd64/libverify.so
7ffb71211000-7ffb71212000 rw-p 00010000 08:03 6429169                    /usr/lib/jvm/java-7-openjdk-amd64/jre/lib/amd64/libverify.so
7ffb71212000-7ffb71219000 r-xp 00000000 08:03 5385360                    /lib/x86_64-linux-gnu/librt-2.21.so
7ffb71219000-7ffb71418000 ---p 00007000 08:03 5385360                    /lib/x86_64-linux-gnu/librt-2.21.so
7ffb71418000-7ffb71419000 r--p 00006000 08:03 5385360                    /lib/x86_64-linux-gnu/librt-2.21.so
7ffb71419000-7ffb7141a000 rw-p 00007000 08:03 5385360                    /lib/x86_64-linux-gnu/librt-2.21.so
7ffb7141a000-7ffb71430000 r-xp 00000000 08:03 5378586                    /lib/x86_64-linux-gnu/libgcc_s.so.1
7ffb71430000-7ffb7162f000 ---p 00016000 08:03 5378586                    /lib/x86_64-linux-gnu/libgcc_s.so.1
7ffb7162f000-7ffb71630000 r--p 00015000 08:03 5378586                    /lib/x86_64-linux-gnu/libgcc_s.so.1
7ffb71630000-7ffb71631000 rw-p 00016000 08:03 5378586                    /lib/x86_64-linux-gnu/libgcc_s.so.1
7ffb71631000-7ffb71738000 r-xp 00000000 08:03 5385362                    /lib/x86_64-linux-gnu/libm-2.21.so
7ffb71738000-7ffb71937000 ---p 00107000 08:03 5385362                    /lib/x86_64-linux-gnu/libm-2.21.so
7ffb71937000-7ffb71938000 r--p 00106000 08:03 5385362                    /lib/x86_64-linux-gnu/libm-2.21.so
7ffb71938000-7ffb71939000 rw-p 00107000 08:03 5385362                    /lib/x86_64-linux-gnu/libm-2.21.so
7ffb71939000-7ffb71aac000 r-xp 00000000 08:03 6170488                    /usr/lib/x86_64-linux-gnu/libstdc++.so.6.0.21
7ffb71aac000-7ffb71cab000 ---p 00173000 08:03 6170488                    /usr/lib/x86_64-linux-gnu/libstdc++.so.6.0.21
7ffb71cab000-7ffb71cb5000 r--p 00172000 08:03 6170488                    /usr/lib/x86_64-linux-gnu/libstdc++.so.6.0.21
7ffb71cb5000-7ffb71cb7000 rw-p 0017c000 08:03 6170488                    /usr/lib/x86_64-linux-gnu/libstdc++.so.6.0.21
7ffb71cb7000-7ffb71cbb000 rw-p 00000000 00:00 0 
7ffb71cbb000-7ffb7280e000 r-xp 00000000 08:03 6429180                    /usr/lib/jvm/java-7-openjdk-amd64/jre/lib/amd64/server/libjvm.so
7ffb7280e000-7ffb72a0d000 ---p 00b53000 08:03 6429180                    /usr/lib/jvm/java-7-openjdk-amd64/jre/lib/amd64/server/libjvm.so
7ffb72a0d000-7ffb72a9e000 r--p 00b52000 08:03 6429180                    /usr/lib/jvm/java-7-openjdk-amd64/jre/lib/amd64/server/libjvm.so
7ffb72a9e000-7ffb72ac1000 rw-p 00be3000 08:03 6429180                    /usr/lib/jvm/java-7-openjdk-amd64/jre/lib/amd64/server/libjvm.so
7ffb72ac1000-7ffb72aee000 rw-p 00000000 00:00 0 
7ffb72aee000-7ffb72b07000 r-xp 00000000 08:03 5378732                    /lib/x86_64-linux-gnu/libz.so.1.2.8
7ffb72b07000-7ffb72d06000 ---p 00019000 08:03 5378732                    /lib/x86_64-linux-gnu/libz.so.1.2.8
7ffb72d06000-7ffb72d07000 r--p 00018000 08:03 5378732                    /lib/x86_64-linux-gnu/libz.so.1.2.8
7ffb72d07000-7ffb72d08000 rw-p 00019000 08:03 5378732                    /lib/x86_64-linux-gnu/libz.so.1.2.8
7ffb72d08000-7ffb72d20000 r-xp 00000000 08:03 5385363                    /lib/x86_64-linux-gnu/libpthread-2.21.so
7ffb72d20000-7ffb72f20000 ---p 00018000 08:03 5385363                    /lib/x86_64-linux-gnu/libpthread-2.21.so
7ffb72f20000-7ffb72f21000 r--p 00018000 08:03 5385363                    /lib/x86_64-linux-gnu/libpthread-2.21.so
7ffb72f21000-7ffb72f22000 rw-p 00019000 08:03 5385363                    /lib/x86_64-linux-gnu/libpthread-2.21.so
7ffb72f22000-7ffb72f26000 rw-p 00000000 00:00 0 
7ffb72f26000-7ffb72f29000 r-xp 00000000 08:03 5385366                    /lib/x86_64-linux-gnu/libdl-2.21.so
7ffb72f29000-7ffb73128000 ---p 00003000 08:03 5385366                    /lib/x86_64-linux-gnu/libdl-2.21.so
7ffb73128000-7ffb73129000 r--p 00002000 08:03 5385366                    /lib/x86_64-linux-gnu/libdl-2.21.so
7ffb73129000-7ffb7312a000 rw-p 00003000 08:03 5385366                    /lib/x86_64-linux-gnu/libdl-2.21.so
7ffb7312a000-7ffb732ea000 r-xp 00000000 08:03 5385379                    /lib/x86_64-linux-gnu/libc-2.21.so
7ffb732ea000-7ffb734ea000 ---p 001c0000 08:03 5385379                    /lib/x86_64-linux-gnu/libc-2.21.so
7ffb734ea000-7ffb734ee000 r--p 001c0000 08:03 5385379                    /lib/x86_64-linux-gnu/libc-2.21.so
7ffb734ee000-7ffb734f0000 rw-p 001c4000 08:03 5385379                    /lib/x86_64-linux-gnu/libc-2.21.so
7ffb734f0000-7ffb734f4000 rw-p 00000000 00:00 0 
7ffb734f4000-7ffb73501000 r-xp 00000000 08:03 6429195                    /usr/lib/jvm/java-7-openjdk-amd64/jre/lib/amd64/jli/libjli.so
7ffb73501000-7ffb73700000 ---p 0000d000 08:03 6429195                    /usr/lib/jvm/java-7-openjdk-amd64/jre/lib/amd64/jli/libjli.so
7ffb73700000-7ffb73701000 r--p 0000c000 08:03 6429195                    /usr/lib/jvm/java-7-openjdk-amd64/jre/lib/amd64/jli/libjli.so
7ffb73701000-7ffb73702000 rw-p 0000d000 08:03 6429195                    /usr/lib/jvm/java-7-openjdk-amd64/jre/lib/amd64/jli/libjli.so
7ffb73702000-7ffb73726000 r-xp 00000000 08:03 5385377                    /lib/x86_64-linux-gnu/ld-2.21.so
7ffb7372e000-7ffb7373d000 r--s 000df000 08:03 5906901                    /home/mukesh/Android/Sdk/build-tools/23.0.2/lib/dx.jar
7ffb7373d000-7ffb73747000 rw-p 00000000 00:00 0 
7ffb73747000-7ffb737fd000 rw-p 00000000 00:00 0 
7ffb737fd000-7ffb73800000 ---p 00000000 00:00 0 
7ffb73800000-7ffb73903000 rw-p 00000000 00:00 0 
7ffb73904000-7ffb73905000 rw-p 00000000 00:00 0 
7ffb73905000-7ffb73909000 r--s 0003c000 08:03 6429226                    /usr/lib/jvm/java-7-openjdk-amd64/jre/lib/ext/sunpkcs11.jar
7ffb73909000-7ffb7390a000 r--s 00002000 08:03 6429221                    /usr/lib/jvm/java-7-openjdk-amd64/jre/lib/ext/dnsns.jar
7ffb7390a000-7ffb7390e000 r--s 00034000 08:03 6429223                    /usr/lib/jvm/java-7-openjdk-amd64/jre/lib/ext/sunjce_provider.jar
7ffb7390e000-7ffb73912000 r--s 00085000 08:03 6429225                    /usr/lib/jvm/java-7-openjdk-amd64/jre/lib/ext/localedata.jar
7ffb73912000-7ffb73915000 r--s 0000f000 08:03 6429224                    /usr/lib/jvm/java-7-openjdk-amd64/jre/lib/ext/icedtea-sound.jar
7ffb73915000-7ffb73917000 r--s 00007000 08:03 145122                     /usr/share/java/java-atk-wrapper.jar
7ffb73917000-7ffb73919000 r--s 00012000 08:03 6429222                    /usr/lib/jvm/java-7-openjdk-amd64/jre/lib/ext/zipfs.jar
7ffb73919000-7ffb73921000 rw-s 00000000 08:03 4597389                    /tmp/hsperfdata_mukesh/5262
7ffb73921000-7ffb73922000 rw-p 00000000 00:00 0 
7ffb73922000-7ffb73923000 ---p 00000000 00:00 0 
7ffb73923000-7ffb73925000 rw-p 00000000 00:00 0 
7ffb73925000-7ffb73926000 r--p 00023000 08:03 5385377                    /lib/x86_64-linux-gnu/ld-2.21.so
7ffb73926000-7ffb73927000 rw-p 00024000 08:03 5385377                    /lib/x86_64-linux-gnu/ld-2.21.so
7ffb73927000-7ffb73928000 rw-p 00000000 00:00 0 
7fffaad6c000-7fffaad8d000 rw-p 00000000 00:00 0                          [stack]
7fffaadd2000-7fffaadd4000 r--p 00000000 00:00 0                          [vvar]
7fffaadd4000-7fffaadd6000 r-xp 00000000 00:00 0                          [vdso]
ffffffffff600000-ffffffffff601000 r-xp 00000000 00:00 0                  [vsyscall]

VM Arguments:
jvm_args: -Djava.awt.headless=true -Xmx1024M -Dfile.encoding=UTF-8 -Duser.country=IN -Duser.language=en -Duser.variant 
java_command: com.android.dx.command.Main --dex --num-threads=4 --output /home/mukesh/Desktop/bill/InstaBookr/app/build/intermediates/pre-dexed/debug/com.android.support-recyclerview-v7-23.1.1_c4e8279a16217c1468b0d1a7bfe53ca5b633764a.jar /home/mukesh/Desktop/bill/InstaBookr/app/build/intermediates/exploded-aar/com.android.support/recyclerview-v7/23.1.1/jars/classes.jar
Launcher Type: SUN_STANDARD

Environment Variables:
PATH=/usr/local/sbin:/usr/local/bin:/usr/sbin:/usr/bin:/sbin:/bin:/usr/games:/usr/local/games
LD_LIBRARY_PATH=/home/mukesh/.local/share/umake/android/android-studio/bin:
SHELL=/bin/bash
DISPLAY=:0

Signal Handlers:
SIGSEGV: [libjvm.so+0x996e60], sa_mask[0]=0x7ffbfeff, sa_flags=0x10000004
SIGBUS: [libjvm.so+0x996e60], sa_mask[0]=0x7ffbfeff, sa_flags=0x10000004
SIGFPE: [libjvm.so+0x7fdc90], sa_mask[0]=0x7ffbfeff, sa_flags=0x10000004
SIGPIPE: [libjvm.so+0x7fdc90], sa_mask[0]=0x7ffbfeff, sa_flags=0x10000004
SIGXFSZ:                                                                                                                                                                                                                 